{"C:\\Users\\xxkmi\\Desktop\\Desarrollo\\Proyecto\\forme-app\\backend\\src\\connection_db.js": {"path":"C:\\Users\\xxkmi\\Desktop\\Desarrollo\\Proyecto\\forme-app\\backend\\src\\connection_db.js","statementMap":{"0":{"start":{"line":1,"column":17},"end":{"line":1,"column":30}},"1":{"start":{"line":3,"column":13},"end":{"line":10,"column":2}},"2":{"start":{"line":12,"column":0},"end":{"line":12,"column":21}}},"fnMap":{},"branchMap":{},"s":{"0":2,"1":2,"2":2},"f":{},"b":{},"_coverageSchema":"1a1c01bbd47fc00a2c39e90264f33305004495a9","hash":"395acf80af00d646e6dd0d81f4fdfebce8db595f"}
,"C:\\Users\\xxkmi\\Desktop\\Desarrollo\\Proyecto\\forme-app\\backend\\src\\index.js": {"path":"C:\\Users\\xxkmi\\Desktop\\Desarrollo\\Proyecto\\forme-app\\backend\\src\\index.js","statementMap":{"0":{"start":{"line":4,"column":16},"end":{"line":4,"column":34}},"1":{"start":{"line":5,"column":15},"end":{"line":5,"column":32}},"2":{"start":{"line":6,"column":15},"end":{"line":6,"column":44}},"3":{"start":{"line":7,"column":12},"end":{"line":7,"column":21}},"4":{"start":{"line":8,"column":13},"end":{"line":8,"column":28}},"5":{"start":{"line":10,"column":0},"end":{"line":10,"column":15}},"6":{"start":{"line":11,"column":0},"end":{"line":11,"column":22}},"7":{"start":{"line":12,"column":0},"end":{"line":12,"column":23}},"8":{"start":{"line":13,"column":0},"end":{"line":13,"column":15}},"9":{"start":{"line":14,"column":0},"end":{"line":18,"column":2}},"10":{"start":{"line":15,"column":4},"end":{"line":17,"column":6}},"11":{"start":{"line":19,"column":0},"end":{"line":19,"column":20}},"12":{"start":{"line":20,"column":0},"end":{"line":20,"column":16}},"13":{"start":{"line":21,"column":0},"end":{"line":21,"column":40}}},"fnMap":{"0":{"name":"(anonymous_0)","decl":{"start":{"line":14,"column":8},"end":{"line":14,"column":9}},"loc":{"start":{"line":14,"column":33},"end":{"line":18,"column":1}},"line":14}},"branchMap":{},"s":{"0":1,"1":1,"2":1,"3":1,"4":1,"5":1,"6":1,"7":1,"8":1,"9":1,"10":1,"11":1,"12":1,"13":1},"f":{"0":1},"b":{},"_coverageSchema":"1a1c01bbd47fc00a2c39e90264f33305004495a9","hash":"300e26fc9bb306fcb106467e759ff4212c3ad6e7"}
,"C:\\Users\\xxkmi\\Desktop\\Desarrollo\\Proyecto\\forme-app\\backend\\src\\controllers\\controllers.js": {"path":"C:\\Users\\xxkmi\\Desktop\\Desarrollo\\Proyecto\\forme-app\\backend\\src\\controllers\\controllers.js","statementMap":{"0":{"start":{"line":1,"column":13},"end":{"line":1,"column":40}},"1":{"start":{"line":3,"column":22},"end":{"line":19,"column":1}},"2":{"start":{"line":4,"column":33},"end":{"line":4,"column":41}},"3":{"start":{"line":5,"column":4},"end":{"line":18,"column":5}},"4":{"start":{"line":6,"column":18},"end":{"line":6,"column":125}},"5":{"start":{"line":7,"column":23},"end":{"line":7,"column":44}},"6":{"start":{"line":9,"column":8},"end":{"line":13,"column":9}},"7":{"start":{"line":10,"column":12},"end":{"line":12,"column":14}},"8":{"start":{"line":15,"column":8},"end":{"line":15,"column":29}},"9":{"start":{"line":17,"column":8},"end":{"line":17,"column":19}},"10":{"start":{"line":21,"column":25},"end":{"line":32,"column":1}},"11":{"start":{"line":22,"column":72},"end":{"line":22,"column":80}},"12":{"start":{"line":23,"column":4},"end":{"line":31,"column":5}},"13":{"start":{"line":24,"column":18},"end":{"line":24,"column":184}},"14":{"start":{"line":25,"column":23},"end":{"line":25,"column":44}},"15":{"start":{"line":26,"column":8},"end":{"line":26,"column":27}},"16":{"start":{"line":28,"column":8},"end":{"line":28,"column":39}},"17":{"start":{"line":30,"column":8},"end":{"line":30,"column":19}},"18":{"start":{"line":34,"column":22},"end":{"line":45,"column":1}},"19":{"start":{"line":35,"column":80},"end":{"line":35,"column":88}},"20":{"start":{"line":36,"column":4},"end":{"line":44,"column":5}},"21":{"start":{"line":37,"column":18},"end":{"line":37,"column":233}},"22":{"start":{"line":38,"column":23},"end":{"line":38,"column":44}},"23":{"start":{"line":39,"column":8},"end":{"line":39,"column":27}},"24":{"start":{"line":41,"column":8},"end":{"line":41,"column":39}},"25":{"start":{"line":43,"column":8},"end":{"line":43,"column":19}},"26":{"start":{"line":47,"column":21},"end":{"line":64,"column":1}},"27":{"start":{"line":48,"column":35},"end":{"line":48,"column":43}},"28":{"start":{"line":49,"column":4},"end":{"line":63,"column":5}},"29":{"start":{"line":50,"column":17},"end":{"line":50,"column":125}},"30":{"start":{"line":52,"column":23},"end":{"line":52,"column":44}},"31":{"start":{"line":53,"column":8},"end":{"line":53,"column":27}},"32":{"start":{"line":54,"column":8},"end":{"line":58,"column":9}},"33":{"start":{"line":55,"column":12},"end":{"line":57,"column":14}},"34":{"start":{"line":60,"column":8},"end":{"line":60,"column":38}},"35":{"start":{"line":62,"column":8},"end":{"line":62,"column":19}},"36":{"start":{"line":66,"column":24},"end":{"line":83,"column":1}},"37":{"start":{"line":67,"column":33},"end":{"line":67,"column":41}},"38":{"start":{"line":68,"column":4},"end":{"line":82,"column":5}},"39":{"start":{"line":69,"column":17},"end":{"line":69,"column":124}},"40":{"start":{"line":70,"column":23},"end":{"line":70,"column":44}},"41":{"start":{"line":71,"column":8},"end":{"line":71,"column":27}},"42":{"start":{"line":73,"column":8},"end":{"line":77,"column":9}},"43":{"start":{"line":74,"column":12},"end":{"line":76,"column":14}},"44":{"start":{"line":79,"column":8},"end":{"line":79,"column":38}},"45":{"start":{"line":81,"column":8},"end":{"line":81,"column":19}},"46":{"start":{"line":85,"column":23},"end":{"line":97,"column":1}},"47":{"start":{"line":86,"column":36},"end":{"line":86,"column":44}},"48":{"start":{"line":87,"column":4},"end":{"line":87,"column":36}},"49":{"start":{"line":88,"column":4},"end":{"line":96,"column":5}},"50":{"start":{"line":89,"column":18},"end":{"line":89,"column":98}},"51":{"start":{"line":90,"column":23},"end":{"line":90,"column":44}},"52":{"start":{"line":91,"column":8},"end":{"line":91,"column":27}},"53":{"start":{"line":93,"column":8},"end":{"line":93,"column":40}},"54":{"start":{"line":95,"column":8},"end":{"line":95,"column":19}},"55":{"start":{"line":99,"column":18},"end":{"line":117,"column":3}},"56":{"start":{"line":100,"column":23},"end":{"line":100,"column":32}},"57":{"start":{"line":101,"column":4},"end":{"line":116,"column":5}},"58":{"start":{"line":102,"column":16},"end":{"line":102,"column":74}},"59":{"start":{"line":103,"column":21},"end":{"line":103,"column":42}},"60":{"start":{"line":104,"column":6},"end":{"line":104,"column":26}},"61":{"start":{"line":106,"column":6},"end":{"line":113,"column":7}},"62":{"start":{"line":107,"column":8},"end":{"line":107,"column":35}},"63":{"start":{"line":109,"column":37},"end":{"line":109,"column":59}},"64":{"start":{"line":110,"column":25},"end":{"line":110,"column":56}},"65":{"start":{"line":112,"column":8},"end":{"line":112,"column":39}},"66":{"start":{"line":115,"column":6},"end":{"line":115,"column":18}},"67":{"start":{"line":120,"column":24},"end":{"line":135,"column":1}},"68":{"start":{"line":121,"column":4},"end":{"line":134,"column":5}},"69":{"start":{"line":122,"column":18},"end":{"line":122,"column":70}},"70":{"start":{"line":123,"column":23},"end":{"line":123,"column":44}},"71":{"start":{"line":125,"column":8},"end":{"line":129,"column":9}},"72":{"start":{"line":126,"column":12},"end":{"line":128,"column":14}},"73":{"start":{"line":131,"column":8},"end":{"line":131,"column":29}},"74":{"start":{"line":133,"column":8},"end":{"line":133,"column":19}},"75":{"start":{"line":137,"column":21},"end":{"line":149,"column":1}},"76":{"start":{"line":138,"column":32},"end":{"line":138,"column":40}},"77":{"start":{"line":139,"column":4},"end":{"line":139,"column":32}},"78":{"start":{"line":140,"column":4},"end":{"line":148,"column":5}},"79":{"start":{"line":141,"column":18},"end":{"line":141,"column":108}},"80":{"start":{"line":142,"column":23},"end":{"line":142,"column":44}},"81":{"start":{"line":143,"column":8},"end":{"line":143,"column":27}},"82":{"start":{"line":145,"column":8},"end":{"line":145,"column":40}},"83":{"start":{"line":147,"column":8},"end":{"line":147,"column":19}},"84":{"start":{"line":152,"column":0},"end":{"line":162,"column":1}}},"fnMap":{"0":{"name":"(anonymous_0)","decl":{"start":{"line":3,"column":22},"end":{"line":3,"column":23}},"loc":{"start":{"line":3,"column":49},"end":{"line":19,"column":1}},"line":3},"1":{"name":"(anonymous_1)","decl":{"start":{"line":21,"column":25},"end":{"line":21,"column":26}},"loc":{"start":{"line":21,"column":52},"end":{"line":32,"column":1}},"line":21},"2":{"name":"(anonymous_2)","decl":{"start":{"line":34,"column":22},"end":{"line":34,"column":23}},"loc":{"start":{"line":34,"column":49},"end":{"line":45,"column":1}},"line":34},"3":{"name":"(anonymous_3)","decl":{"start":{"line":47,"column":21},"end":{"line":47,"column":22}},"loc":{"start":{"line":47,"column":48},"end":{"line":64,"column":1}},"line":47},"4":{"name":"(anonymous_4)","decl":{"start":{"line":66,"column":24},"end":{"line":66,"column":25}},"loc":{"start":{"line":66,"column":51},"end":{"line":83,"column":1}},"line":66},"5":{"name":"(anonymous_5)","decl":{"start":{"line":85,"column":23},"end":{"line":85,"column":24}},"loc":{"start":{"line":85,"column":50},"end":{"line":97,"column":1}},"line":85},"6":{"name":"(anonymous_6)","decl":{"start":{"line":99,"column":18},"end":{"line":99,"column":19}},"loc":{"start":{"line":99,"column":44},"end":{"line":117,"column":3}},"line":99},"7":{"name":"(anonymous_7)","decl":{"start":{"line":120,"column":24},"end":{"line":120,"column":25}},"loc":{"start":{"line":120,"column":50},"end":{"line":135,"column":1}},"line":120},"8":{"name":"(anonymous_8)","decl":{"start":{"line":137,"column":21},"end":{"line":137,"column":22}},"loc":{"start":{"line":137,"column":48},"end":{"line":149,"column":1}},"line":137}},"branchMap":{"0":{"loc":{"start":{"line":9,"column":8},"end":{"line":13,"column":9}},"type":"if","locations":[{"start":{"line":9,"column":8},"end":{"line":13,"column":9}},{"start":{},"end":{}}],"line":9},"1":{"loc":{"start":{"line":54,"column":8},"end":{"line":58,"column":9}},"type":"if","locations":[{"start":{"line":54,"column":8},"end":{"line":58,"column":9}},{"start":{},"end":{}}],"line":54},"2":{"loc":{"start":{"line":73,"column":8},"end":{"line":77,"column":9}},"type":"if","locations":[{"start":{"line":73,"column":8},"end":{"line":77,"column":9}},{"start":{},"end":{}}],"line":73},"3":{"loc":{"start":{"line":106,"column":6},"end":{"line":113,"column":7}},"type":"if","locations":[{"start":{"line":106,"column":6},"end":{"line":113,"column":7}},{"start":{"line":108,"column":13},"end":{"line":113,"column":7}}],"line":106},"4":{"loc":{"start":{"line":125,"column":8},"end":{"line":129,"column":9}},"type":"if","locations":[{"start":{"line":125,"column":8},"end":{"line":129,"column":9}},{"start":{},"end":{}}],"line":125}},"s":{"0":2,"1":2,"2":3,"3":3,"4":3,"5":3,"6":2,"7":1,"8":1,"9":1,"10":2,"11":2,"12":2,"13":2,"14":2,"15":1,"16":1,"17":1,"18":2,"19":2,"20":2,"21":2,"22":2,"23":1,"24":1,"25":1,"26":2,"27":3,"28":3,"29":3,"30":3,"31":2,"32":2,"33":1,"34":1,"35":1,"36":2,"37":3,"38":3,"39":3,"40":3,"41":2,"42":2,"43":1,"44":1,"45":1,"46":2,"47":2,"48":2,"49":2,"50":2,"51":2,"52":1,"53":1,"54":1,"55":2,"56":4,"57":4,"58":4,"59":4,"60":2,"61":2,"62":1,"63":1,"64":1,"65":1,"66":2,"67":2,"68":3,"69":3,"70":3,"71":2,"72":1,"73":1,"74":1,"75":2,"76":2,"77":2,"78":2,"79":2,"80":2,"81":1,"82":1,"83":1,"84":2},"f":{"0":3,"1":2,"2":2,"3":3,"4":3,"5":2,"6":4,"7":3,"8":2},"b":{"0":[1,1],"1":[1,1],"2":[1,1],"3":[1,1],"4":[1,1]},"_coverageSchema":"1a1c01bbd47fc00a2c39e90264f33305004495a9","hash":"7e06c356de4ff26bb5bac0ff67aae0793168e52f"}
,"C:\\Users\\xxkmi\\Desktop\\Desarrollo\\Proyecto\\forme-app\\backend\\src\\routes\\routes.js": {"path":"C:\\Users\\xxkmi\\Desktop\\Desarrollo\\Proyecto\\forme-app\\backend\\src\\routes\\routes.js","statementMap":{"0":{"start":{"line":1,"column":19},"end":{"line":1,"column":37}},"1":{"start":{"line":2,"column":147},"end":{"line":2,"column":187}},"2":{"start":{"line":6,"column":15},"end":{"line":6,"column":23}},"3":{"start":{"line":8,"column":0},"end":{"line":8,"column":36}},"4":{"start":{"line":9,"column":0},"end":{"line":9,"column":53}},"5":{"start":{"line":10,"column":0},"end":{"line":10,"column":47}},"6":{"start":{"line":11,"column":0},"end":{"line":11,"column":46}},"7":{"start":{"line":12,"column":0},"end":{"line":12,"column":41}},"8":{"start":{"line":13,"column":0},"end":{"line":13,"column":47}},"9":{"start":{"line":14,"column":0},"end":{"line":14,"column":44}},"10":{"start":{"line":15,"column":0},"end":{"line":15,"column":31}},"11":{"start":{"line":16,"column":0},"end":{"line":16,"column":36}},"12":{"start":{"line":18,"column":0},"end":{"line":18,"column":23}}},"fnMap":{},"branchMap":{},"s":{"0":1,"1":1,"2":1,"3":1,"4":1,"5":1,"6":1,"7":1,"8":1,"9":1,"10":1,"11":1,"12":1},"f":{},"b":{},"_coverageSchema":"1a1c01bbd47fc00a2c39e90264f33305004495a9","hash":"a2064ce0c37af7a173400c8c56ddd664adfc56bc"}
}
