TN:
SF:src\connection_db.js
FNF:0
FNH:0
DA:1,2
DA:3,2
DA:12,2
LF:3
LH:3
BRF:0
BRH:0
end_of_record
TN:
SF:src\index.js
FN:14,(anonymous_0)
FNF:1
FNH:1
FNDA:1,(anonymous_0)
DA:4,1
DA:5,1
DA:6,1
DA:7,1
DA:8,1
DA:10,1
DA:11,1
DA:12,1
DA:13,1
DA:14,1
DA:15,1
DA:19,1
DA:20,1
DA:21,1
LF:14
LH:14
BRF:0
BRH:0
end_of_record
TN:
SF:src\controllers\controllers.js
FN:3,(anonymous_0)
FN:21,(anonymous_1)
FN:34,(anonymous_2)
FN:47,(anonymous_3)
FN:66,(anonymous_4)
FN:85,(anonymous_5)
FN:99,(anonymous_6)
FN:112,(anonymous_7)
FN:130,(anonymous_8)
FN:151,(anonymous_9)
FN:169,(anonymous_10)
FN:190,(anonymous_11)
FN:207,(anonymous_12)
FNF:13
FNH:13
FNDA:3,(anonymous_0)
FNDA:2,(anonymous_1)
FNDA:2,(anonymous_2)
FNDA:3,(anonymous_3)
FNDA:3,(anonymous_4)
FNDA:2,(anonymous_5)
FNDA:2,(anonymous_6)
FNDA:3,(anonymous_7)
FNDA:3,(anonymous_8)
FNDA:3,(anonymous_9)
FNDA:4,(anonymous_10)
FNDA:3,(anonymous_11)
FNDA:2,(anonymous_12)
DA:1,2
DA:3,2
DA:4,3
DA:5,3
DA:6,3
DA:7,3
DA:9,2
DA:10,1
DA:15,1
DA:17,1
DA:21,2
DA:22,2
DA:23,2
DA:24,2
DA:25,2
DA:26,1
DA:28,1
DA:30,1
DA:34,2
DA:35,2
DA:36,2
DA:37,2
DA:38,2
DA:39,1
DA:41,1
DA:43,1
DA:47,2
DA:48,3
DA:49,3
DA:50,3
DA:52,3
DA:53,2
DA:54,2
DA:55,1
DA:60,1
DA:62,1
DA:66,2
DA:67,3
DA:68,3
DA:69,3
DA:70,3
DA:71,2
DA:73,2
DA:74,1
DA:79,1
DA:81,1
DA:85,2
DA:86,2
DA:87,2
DA:88,2
DA:89,2
DA:90,2
DA:91,1
DA:93,1
DA:95,1
DA:99,2
DA:101,2
DA:102,2
DA:103,2
DA:104,1
DA:106,1
DA:108,1
DA:112,2
DA:113,3
DA:114,3
DA:115,3
DA:116,3
DA:118,2
DA:119,1
DA:124,1
DA:126,1
DA:130,2
DA:131,3
DA:132,3
DA:133,3
DA:135,3
DA:136,3
DA:139,2
DA:140,1
DA:145,1
DA:147,1
DA:151,2
DA:152,3
DA:153,3
DA:154,3
DA:155,3
DA:157,2
DA:158,1
DA:163,1
DA:165,1
DA:169,2
DA:170,4
DA:171,4
DA:172,4
DA:173,4
DA:174,2
DA:176,2
DA:177,1
DA:179,1
DA:180,1
DA:182,1
DA:185,2
DA:190,2
DA:191,3
DA:192,3
DA:193,3
DA:195,2
DA:196,1
DA:201,1
DA:203,1
DA:207,2
DA:208,2
DA:209,2
DA:210,2
DA:211,2
DA:212,2
DA:213,1
DA:215,1
DA:217,1
DA:222,2
LF:120
LH:120
BRDA:9,0,0,1
BRDA:9,0,1,1
BRDA:54,1,0,1
BRDA:54,1,1,1
BRDA:73,2,0,1
BRDA:73,2,1,1
BRDA:118,3,0,1
BRDA:118,3,1,1
BRDA:139,4,0,1
BRDA:139,4,1,1
BRDA:157,5,0,1
BRDA:157,5,1,1
BRDA:176,6,0,1
BRDA:176,6,1,1
BRDA:195,7,0,1
BRDA:195,7,1,1
BRF:16
BRH:16
end_of_record
TN:
SF:src\routes\routes.js
FNF:0
FNH:0
DA:1,1
DA:16,1
DA:20,1
DA:22,1
DA:23,1
DA:24,1
DA:25,1
DA:26,1
DA:27,1
DA:28,1
DA:29,1
DA:30,1
DA:31,1
DA:32,1
DA:33,1
DA:34,1
DA:37,1
LF:17
LH:17
BRF:0
BRH:0
end_of_record
