TN:
SF:src\controllers\controllers.js
FN:3,(anonymous_0)
FN:21,(anonymous_1)
FN:34,(anonymous_2)
FN:47,(anonymous_3)
FN:66,(anonymous_4)
FN:85,(anonymous_5)
FN:99,(anonymous_6)
FN:120,(anonymous_7)
FN:137,(anonymous_8)
FNF:9
FNH:9
FNDA:3,(anonymous_0)
FNDA:2,(anonymous_1)
FNDA:2,(anonymous_2)
FNDA:3,(anonymous_3)
FNDA:3,(anonymous_4)
FNDA:2,(anonymous_5)
FNDA:3,(anonymous_6)
FNDA:3,(anonymous_7)
FNDA:2,(anonymous_8)
DA:1,1
DA:3,1
DA:4,3
DA:5,3
DA:6,3
DA:7,3
DA:9,2
DA:10,1
DA:15,1
DA:17,1
DA:21,1
DA:22,2
DA:23,2
DA:24,2
DA:25,2
DA:26,1
DA:28,1
DA:30,1
DA:34,1
DA:35,2
DA:36,2
DA:37,2
DA:38,2
DA:39,1
DA:41,1
DA:43,1
DA:47,1
DA:48,3
DA:49,3
DA:50,3
DA:52,3
DA:53,2
DA:54,2
DA:55,1
DA:60,1
DA:62,1
DA:66,1
DA:67,3
DA:68,3
DA:69,3
DA:70,3
DA:71,2
DA:73,2
DA:74,1
DA:79,1
DA:81,1
DA:85,1
DA:86,2
DA:87,2
DA:88,2
DA:89,2
DA:90,2
DA:91,1
DA:93,1
DA:95,1
DA:99,1
DA:100,3
DA:101,3
DA:102,3
DA:103,3
DA:104,2
DA:106,2
DA:107,1
DA:109,1
DA:110,1
DA:112,1
DA:115,1
DA:120,1
DA:121,3
DA:122,3
DA:123,3
DA:125,2
DA:126,1
DA:131,1
DA:133,1
DA:137,1
DA:138,2
DA:139,2
DA:140,2
DA:141,2
DA:142,2
DA:143,1
DA:145,1
DA:147,1
DA:153,1
LF:85
LH:85
BRDA:9,0,0,1
BRDA:9,0,1,1
BRDA:54,1,0,1
BRDA:54,1,1,1
BRDA:73,2,0,1
BRDA:73,2,1,1
BRDA:106,3,0,1
BRDA:106,3,1,1
BRDA:125,4,0,1
BRDA:125,4,1,1
BRF:10
BRH:10
end_of_record
